<?xml version="1.0" encoding="UTF-8"?>
<testng-results ignored="0" total="1" passed="1" failed="0" skipped="0">
  <reporter-output>
  </reporter-output>
  <suite started-at="2022-03-28T14:44:42 IST" name="Default suite" finished-at="2022-03-28T14:44:42 IST" duration-ms="97">
    <groups>
    </groups>
    <test started-at="2022-03-28T14:44:42 IST" name="Default test" finished-at="2022-03-28T14:44:42 IST" duration-ms="97">
      <class name="com.yantar_org.CretaeorgtTest">
        <test-method signature="createI()[pri:0, instance:com.yantar_org.CretaeorgtTest@4a7f959b]" started-at="2022-03-28T14:44:42 IST" name="createI" finished-at="2022-03-28T14:44:42 IST" duration-ms="17" status="PASS">
          <reporter-output>
          </reporter-output>
        </test-method> <!-- createI -->
      </class> <!-- com.yantar_org.CretaeorgtTest -->
    </test> <!-- Default test -->
  </suite> <!-- Default suite -->
</testng-results>
